<?xml version="1.0" encoding="UTF-8"?>
<Site BuildName="(empty)"
	BuildStamp="20240604-0711-Experimental"
	Name="ubunturc"
	Generator="ctest-3.22.1"
	CompilerName="/usr/bin/c++"
	CompilerVersion="11.4.0"
	OSName="Linux"
	Hostname="ubunturc"
	OSRelease="6.5.0-35-generic"
	OSVersion="#35~22.04.1-Ubuntu SMP PREEMPT_DYNAMIC Tue May  7 09:00:52 UTC 2"
	OSPlatform="x86_64"
	Is64Bits="1"
	VendorString="GenuineIntel"
	VendorID="Intel Corporation"
	FamilyID="6"
	ModelID="61"
	ProcessorCacheSize="4096"
	NumberOfLogicalCPU="4"
	NumberOfPhysicalCPU="2"
	TotalVirtualMemory="2047"
	TotalPhysicalMemory="11819"
	LogicalProcessorsPerPhysical="2"
	ProcessorClockFrequency="2896.08"
	>
	<Testing>
		<StartDateTime>Jun 04 21:13 CEST</StartDateTime>
		<StartTestTime>1717528406</StartTestTime>
		<TestList/>
		<EndDateTime>Jun 04 21:13 CEST</EndDateTime>
		<EndTestTime>1717528406</EndTestTime>
		<ElapsedMinutes>0</ElapsedMinutes>
	</Testing>
</Site>
